---
title: GP一个子链路提升bug
date: 2017-11-21 23:00:00
categories:
- Greenplum
tags:
- Greenplum
---

# 子链路提升bug

https://github.com/greenplum-db/gpdb/pull/1084

```
create table t (a int, b int, c text);
insert into t values(1, 5, NULL), (1, 2, NULL);
set optimizer = off;

select t1.* from t t1 where t1.b = (
  select max(b) from t t2 where t1.a = t2.a and t2.b < 5 and 
    case 
    when t1.c is not null and t2.c is not null 
    then t1.c = t2.c 
    end 
);

 a | b | c
---+---+---
 1 | 2 |
(1 row)
```

The correct result should be:

```
 a | b | c
---+---+---
(0 rows)
```

Looking at the plan, we didn't find the case condition in the join filter:

```
                                 QUERY PLAN
-----------------------------------------------------------------------------
 Gather Motion 3:1  (slice1; segments: 3)  (cost=1.07..2.14 rows=4 width=40)
   ->  Hash Join  (cost=1.07..2.14 rows=2 width=40)
         Hash Cond: t1.a = t2.a AND t1.b = (max(t2.b))
         ->  Seq Scan on t t1  (cost=0.00..1.02 rows=1 width=40)
         ->  Hash  (cost=1.06..1.06 rows=1 width=8)
               ->  HashAggregate  (cost=1.03..1.05 rows=1 width=8)
                     Group By: t2.a
                     ->  Seq Scan on t t2  (cost=0.00..1.02 rows=1 width=8)
                           Filter: b < 5
 Settings:  optimizer=off
 Optimizer status: legacy query optimizer
(11 rows)
```

这个问题是由于join filter导致的，根据开源社区的修复方案，跟踪下去，是标准查询规划器在提升子链路期间存在的bug。



首先，先了解几个概念：

子查询分为两类：

1. 相关子查询：在主查询中，每查询一条记录，需要重新做一次子查询
2. 非相关子查询：在主查询中，子查询只需要执行一次，子查询结果不再变化，供主查询使用

相关子查询：

```
SELECT E1.EMPNO, E1.LASTNAME, E1.WORKDEPT 
　　　　FROM EMPLOYEE E1 
　　　　WHERE SALARY > (SELECT AVG(SALARY) 
　　　　　　　　　　　　　 FROM EMPLOYEE E2 
　　　　　　　　　　　　　 WHERE E2.WORKDEPT = E1.WORKDEPT) 
```

非相关子查询：

```
SELECT EMPNO, LASTNAME 
　　　　FROM EMPLOYEE 
　　　　WHERE WORKDEPT = 'A00' 
　　　　　AND SALARY > (SELECT AVG(SALARY) 
　　　　　　　　　　　　　 FROM EMPLOYEE 
　　　　　　　　　　　　　 WHERE WORKDEPT = 'A00') 
```

总的来说：

1. 嵌套查询是通过where子句的子查询返回内层查询的值作为查询条件，进而实现外层查询的查询结果。
2. 相关子查询：执行查询的时候先取得外层查询的一个属性值，然后执行与此属性值相关的子查询，执行完毕后再取得外层父查询的下一个值，依次再来重复执行子查询；
3. 非相关子查询：子查询的执行不需要提前取得父查询的值，只是作为父查询的查询条件。

PostgreSQL处理非相关子查询，会为该子查询创建InitPlan；当处理相关子查询相关时，会为该子查询创建SubPlan。



PostgreSQL支持子查询的优化，把子查询细分为两种情况：

1. 子链接（sublink）：子查询的特例，只是子查询语句嵌入在表达式中。
2. 子查询（subquery）：子查询语句不嵌入在表达式中，独立存在于SQL语句中。

这两种情况的细分，使得PostgreSQL能够更为细腻地处理子查询。PostgreSQL对于子查询，通常的优化方式是尽量采取“拉平”方式的操作，把子查询合并到父查询中，其目的是在多表连接时能利用多表连接算法进行表顺序选择的优化。



回到上面的问题，很明显这是一个相关子查询，因此查询优化器会的会对子查询做优化。

函数调用路径为：

planner -> standard_planner -> subquery_planner -> cdbsubselect_flatten_sublinks -> pull_up_IN_clauses -> convert_EXPR_to_join -> safe_to_convert_EXPR -> ProcessSubqueryToJoin -> SubqueryToJoinWalker

subquery_planner 是查询规划的入口，cdbsubselect_flatten_sublinks做子链路提升，convert_EXPR_to_join 中调用safe_to_convert_EXPR 判断是否能够提升子链路，能则提升，不能则返回。

safe_to_convert_EXPR 中如果子查询中有 group, 返回字段数目不为1等则直接返回false，否则调用ProcessSubqueryToJoin 。

ProcessSubqueryToJoin 调用SubqueryToJoinWalker，SubqueryToJoinWalker遍历子查询的表达式，进一步判断是否能够提升子链路。

问题出现在SubqueryToJoinWalker这里，这个函数里只对bool型表达式及op型表达式(> , <, =, >=, <=)做判断，对于其他表达式没有处理，context->safeToConvert仍为true。但对于这样的情况是不应该做子链路提升的，例如上例中的CASE表达式，以及开源社区中的另一个例子中的FUNC表达式，因为做了不应该做的子链路提升导致得到错误的查询结果。

该问题的解决方法是，如果有bool, op以外的表达式，context->safeToConvert设置为false，这样在safe_to_convert_EXPR 返回值为false，convert_EXPR_to_join 就不会进行子链路提升。

修复后，查询计划如下：

```
                                                           QUERY PLAN                                                            
------------------------------------------------------------------------------------------------
 Gather Motion 2:1  (slice2; segments: 2)  (cost=0.00..3.18 rows=1 width=40)
   ->  Seq Scan on t t1  (cost=0.00..3.18 rows=1 width=40)
         Filter: b = ((subplan))
         SubPlan 1
           ->  Aggregate  (cost=1.07..1.08 rows=1 width=4)
                 ->  Result  (cost=1.04..1.05 rows=1 width=4)
                       Filter: CASE WHEN $1 IS NOT NULL AND t2.c IS NOT NULL THEN $1 = t2.c ELSE NULL::boolean END AND $0 = t2.a
                       ->  Materialize  (cost=1.04..1.05 rows=1 width=4)
                             ->  Broadcast Motion 2:2  (slice1; segments: 2)  (cost=0.00..1.03 rows=1 width=4)
                                   ->  Seq Scan on t t2  (cost=0.00..1.03 rows=1 width=4)
                                         Filter: b < 5

```

